11:30:59.291 [main] INFO  f.p.console.PizzeriaAdminConsoleApp -
				null
11:31:02.849 [main] INFO  f.p.console.PizzeriaAdminConsoleApp -
				Aurevoir ☹
14:17:40.107 [main] INFO  f.p.console.PizzeriaAdminConsoleApp -
				null
14:25:59.879 [main] INFO  f.p.console.PizzeriaAdminConsoleApp -
				Aurevoir ☹
14:28:41.806 [main] INFO  f.p.console.PizzeriaAdminConsoleApp -
				Aurevoir ☹
14:30:31.446 [main] INFO  f.p.console.PizzeriaAdminConsoleApp -
				Aurevoir ☹
14:31:10.898 [main] INFO  f.p.console.PizzeriaAdminConsoleApp -
				** Pizzeria Administration **
1. Lister les pizza
2. Ajouter une nouvelle pizza
3. Mette à jour une pizza
4. Supprimer une pizza
99. Sortir
14:34:59.516 [main] INFO  f.p.console.PizzeriaAdminConsoleApp -
				** Pizzeria Administration **
1. Lister les pizza
2. Ajouter une nouvelle pizza
3. Mette à jour une pizza
4. Supprimer une pizza
99. Sortir
14:35:01.763 [main] INFO  f.p.console.PizzeriaAdminConsoleApp -
				Aurevoir ☹
14:35:05.545 [main] INFO  f.p.console.PizzeriaAdminConsoleApp -
				** Pizzeria Administration **
1. Lister les pizza
2. Ajouter une nouvelle pizza
3. Mette à jour une pizza
4. Supprimer une pizza
99. Sortir
14:35:06.652 [main] INFO  f.p.console.PizzeriaAdminConsoleApp -
				** Pizzeria Administration **
1. Lister les pizza
2. Ajouter une nouvelle pizza
3. Mette à jour une pizza
4. Supprimer une pizza
99. Sortir
14:35:29.189 [main] INFO  f.p.console.PizzeriaAdminConsoleApp -
				** Pizzeria Administration **
1. Lister les pizza
2. Ajouter une nouvelle pizza
3. Mette à jour une pizza
4. Supprimer une pizza
99. Sortir
14:35:31.178 [main] INFO  f.p.console.PizzeriaAdminConsoleApp -
				** Pizzeria Administration **
1. Lister les pizza
2. Ajouter une nouvelle pizza
3. Mette à jour une pizza
4. Supprimer une pizza
99. Sortir
14:35:43.203 [main] INFO  f.p.console.PizzeriaAdminConsoleApp -
				Ajout d'une nouvelle pizza
Veuillez saisir le code : 
14:35:46.499 [main] INFO  f.p.console.PizzeriaAdminConsoleApp -
				Veuillez saisir le nom (sans espace) : 
14:35:50.515 [main] INFO  f.p.console.PizzeriaAdminConsoleApp -
				Veuillez saisir le prix : 
14:35:58.068 [main] DEBUG fr.pizzeria.logger.AppService -
				Traitement 1 : param = La pizza existe déjà
14:35:58.070 [main] INFO  f.p.console.PizzeriaAdminConsoleApp -
				** Pizzeria Administration **
1. Lister les pizza
2. Ajouter une nouvelle pizza
3. Mette à jour une pizza
4. Supprimer une pizza
99. Sortir
14:35:59.915 [main] INFO  f.p.console.PizzeriaAdminConsoleApp -
				Ajout d'une nouvelle pizza
Veuillez saisir le code : 
14:36:05.355 [main] INFO  f.p.console.PizzeriaAdminConsoleApp -
				Veuillez saisir le nom (sans espace) : 
14:36:10.403 [main] INFO  f.p.console.PizzeriaAdminConsoleApp -
				Veuillez saisir le prix : 
14:36:30.396 [main] INFO  f.p.console.PizzeriaAdminConsoleApp -
				** Pizzeria Administration **
1. Lister les pizza
2. Ajouter une nouvelle pizza
3. Mette à jour une pizza
4. Supprimer une pizza
99. Sortir
14:36:33.771 [main] INFO  f.p.console.PizzeriaAdminConsoleApp -
				Aurevoir ☹
14:36:38.863 [main] INFO  f.p.console.PizzeriaAdminConsoleApp -
				** Pizzeria Administration **
1. Lister les pizza
2. Ajouter une nouvelle pizza
3. Mette à jour une pizza
4. Supprimer une pizza
99. Sortir
14:36:40.050 [main] INFO  f.p.console.PizzeriaAdminConsoleApp -
				** Pizzeria Administration **
1. Lister les pizza
2. Ajouter une nouvelle pizza
3. Mette à jour une pizza
4. Supprimer une pizza
99. Sortir
14:36:41.043 [main] INFO  f.p.console.PizzeriaAdminConsoleApp -
				Aurevoir ☹
14:43:53.002 [main] INFO  f.p.console.PizzeriaAdminConsoleApp -
				** Pizzeria Administration **
1. Lister les pizza
2. Ajouter une nouvelle pizza
3. Mette à jour une pizza
4. Supprimer une pizza
99. Sortir
14:43:54.555 [main] INFO  f.p.console.PizzeriaAdminConsoleApp -
				Liste des pizzas
14:43:54.568 [main] INFO  f.p.console.PizzeriaAdminConsoleApp -
				PEP -> Pépéroni (12.5 €) : Viande 
14:43:54.568 [main] INFO  f.p.console.PizzeriaAdminConsoleApp -
				MAR -> Margherita (14.0 €) : SansViande 
14:43:54.568 [main] INFO  f.p.console.PizzeriaAdminConsoleApp -
				REIN -> La Reine (11.5 €) : Viande 
14:43:54.568 [main] INFO  f.p.console.PizzeriaAdminConsoleApp -
				FRO -> La 4 fromages (12.0 €) : SansViande 
14:43:54.568 [main] INFO  f.p.console.PizzeriaAdminConsoleApp -
				CAN -> La cannibale (12.5 €) : Viande 
14:43:54.569 [main] INFO  f.p.console.PizzeriaAdminConsoleApp -
				SAV -> La savoyarde (13.0 €) : Viande 
14:43:54.569 [main] INFO  f.p.console.PizzeriaAdminConsoleApp -
				ORI -> L'orientale (13.5 €) : Viande 
14:43:54.569 [main] INFO  f.p.console.PizzeriaAdminConsoleApp -
				IND -> L'indienne (14.0 €) : Viande 
14:43:54.569 [main] INFO  f.p.console.PizzeriaAdminConsoleApp -
				** Pizzeria Administration **
1. Lister les pizza
2. Ajouter une nouvelle pizza
3. Mette à jour une pizza
4. Supprimer une pizza
99. Sortir
14:44:00.993 [main] INFO  f.p.console.PizzeriaAdminConsoleApp -
				Ajout d'une nouvelle pizza
Veuillez saisir le code : 
14:44:05.937 [main] INFO  f.p.console.PizzeriaAdminConsoleApp -
				Veuillez saisir le nom (sans espace) : 
14:44:07.048 [main] INFO  f.p.console.PizzeriaAdminConsoleApp -
				Veuillez saisir le prix : 
14:44:08.217 [main] INFO  f.p.console.PizzeriaAdminConsoleApp -
				Veuillez saisir la catégorie de la pizza
14:44:11.906 [main] DEBUG fr.pizzeria.logger.AppService -
				Traitement 1 : param = Error
14:44:11.908 [main] INFO  f.p.console.PizzeriaAdminConsoleApp -
				** Pizzeria Administration **
1. Lister les pizza
2. Ajouter une nouvelle pizza
3. Mette à jour une pizza
4. Supprimer une pizza
99. Sortir
14:44:13.552 [main] INFO  f.p.console.PizzeriaAdminConsoleApp -
				Liste des pizzas
14:44:13.553 [main] INFO  f.p.console.PizzeriaAdminConsoleApp -
				PEP -> Pépéroni (12.5 €) : Viande 
14:44:13.553 [main] INFO  f.p.console.PizzeriaAdminConsoleApp -
				MAR -> Margherita (14.0 €) : SansViande 
14:44:13.553 [main] INFO  f.p.console.PizzeriaAdminConsoleApp -
				REIN -> La Reine (11.5 €) : Viande 
14:44:13.553 [main] INFO  f.p.console.PizzeriaAdminConsoleApp -
				FRO -> La 4 fromages (12.0 €) : SansViande 
14:44:13.553 [main] INFO  f.p.console.PizzeriaAdminConsoleApp -
				CAN -> La cannibale (12.5 €) : Viande 
14:44:13.553 [main] INFO  f.p.console.PizzeriaAdminConsoleApp -
				SAV -> La savoyarde (13.0 €) : Viande 
14:44:13.554 [main] INFO  f.p.console.PizzeriaAdminConsoleApp -
				ORI -> L'orientale (13.5 €) : Viande 
14:44:13.554 [main] INFO  f.p.console.PizzeriaAdminConsoleApp -
				IND -> L'indienne (14.0 €) : Viande 
14:44:13.554 [main] INFO  f.p.console.PizzeriaAdminConsoleApp -
				TOTO -> toto (10.0 €) : Viande 
14:44:13.554 [main] INFO  f.p.console.PizzeriaAdminConsoleApp -
				** Pizzeria Administration **
1. Lister les pizza
2. Ajouter une nouvelle pizza
3. Mette à jour une pizza
4. Supprimer une pizza
99. Sortir
14:44:18.505 [main] INFO  f.p.console.PizzeriaAdminConsoleApp -
				Mise à jour d'une pizza
14:44:18.505 [main] INFO  f.p.console.PizzeriaAdminConsoleApp -
				PEP -> Pépéroni (12.5 €)
14:44:18.506 [main] INFO  f.p.console.PizzeriaAdminConsoleApp -
				MAR -> Margherita (14.0 €)
14:44:18.506 [main] INFO  f.p.console.PizzeriaAdminConsoleApp -
				REIN -> La Reine (11.5 €)
14:44:18.506 [main] INFO  f.p.console.PizzeriaAdminConsoleApp -
				FRO -> La 4 fromages (12.0 €)
14:44:18.506 [main] INFO  f.p.console.PizzeriaAdminConsoleApp -
				CAN -> La cannibale (12.5 €)
14:44:18.506 [main] INFO  f.p.console.PizzeriaAdminConsoleApp -
				SAV -> La savoyarde (13.0 €)
14:44:18.506 [main] INFO  f.p.console.PizzeriaAdminConsoleApp -
				ORI -> L'orientale (13.5 €)
14:44:18.506 [main] INFO  f.p.console.PizzeriaAdminConsoleApp -
				IND -> L'indienne (14.0 €)
14:44:18.506 [main] INFO  f.p.console.PizzeriaAdminConsoleApp -
				TOTO -> toto (10.0 €)
14:44:18.506 [main] INFO  f.p.console.PizzeriaAdminConsoleApp -
				Veuillez saisir le code de la pizza à supprimer : 
14:44:21.577 [main] INFO  f.p.console.PizzeriaAdminConsoleApp -
				Veuillez saisir le nouveau code : 
14:44:59.736 [main] INFO  f.p.console.PizzeriaAdminConsoleApp -
				Veuillez saisir le nouveau nom (sans espace) : 
14:45:03.216 [main] INFO  f.p.console.PizzeriaAdminConsoleApp -
				Veuillez saisir le nouveau prix : 
14:45:04.785 [main] INFO  f.p.console.PizzeriaAdminConsoleApp -
				Veuillez saisir la catégorie de pizza : 
14:45:06.360 [main] INFO  f.p.console.PizzeriaAdminConsoleApp -
				Error
14:45:06.360 [main] INFO  f.p.console.PizzeriaAdminConsoleApp -
				** Pizzeria Administration **
1. Lister les pizza
2. Ajouter une nouvelle pizza
3. Mette à jour une pizza
4. Supprimer une pizza
99. Sortir
14:45:08.337 [main] INFO  f.p.console.PizzeriaAdminConsoleApp -
				Liste des pizzas
14:45:08.337 [main] INFO  f.p.console.PizzeriaAdminConsoleApp -
				TUTU -> tutu (10.0 €) : Viande 
14:45:08.337 [main] INFO  f.p.console.PizzeriaAdminConsoleApp -
				MAR -> Margherita (14.0 €) : SansViande 
14:45:08.337 [main] INFO  f.p.console.PizzeriaAdminConsoleApp -
				REIN -> La Reine (11.5 €) : Viande 
14:45:08.337 [main] INFO  f.p.console.PizzeriaAdminConsoleApp -
				FRO -> La 4 fromages (12.0 €) : SansViande 
14:45:08.337 [main] INFO  f.p.console.PizzeriaAdminConsoleApp -
				CAN -> La cannibale (12.5 €) : Viande 
14:45:08.338 [main] INFO  f.p.console.PizzeriaAdminConsoleApp -
				SAV -> La savoyarde (13.0 €) : Viande 
14:45:08.338 [main] INFO  f.p.console.PizzeriaAdminConsoleApp -
				ORI -> L'orientale (13.5 €) : Viande 
14:45:08.338 [main] INFO  f.p.console.PizzeriaAdminConsoleApp -
				IND -> L'indienne (14.0 €) : Viande 
14:45:08.338 [main] INFO  f.p.console.PizzeriaAdminConsoleApp -
				TOTO -> toto (10.0 €) : Viande 
14:45:08.338 [main] INFO  f.p.console.PizzeriaAdminConsoleApp -
				** Pizzeria Administration **
1. Lister les pizza
2. Ajouter une nouvelle pizza
3. Mette à jour une pizza
4. Supprimer une pizza
99. Sortir
14:45:37.009 [main] INFO  f.p.console.PizzeriaAdminConsoleApp -
				Suppression d'une pizza
14:45:37.009 [main] INFO  f.p.console.PizzeriaAdminConsoleApp -
				TUTU -> tutu (10.0 €)
14:45:37.009 [main] INFO  f.p.console.PizzeriaAdminConsoleApp -
				MAR -> Margherita (14.0 €)
14:45:37.009 [main] INFO  f.p.console.PizzeriaAdminConsoleApp -
				REIN -> La Reine (11.5 €)
14:45:37.009 [main] INFO  f.p.console.PizzeriaAdminConsoleApp -
				FRO -> La 4 fromages (12.0 €)
14:45:37.010 [main] INFO  f.p.console.PizzeriaAdminConsoleApp -
				CAN -> La cannibale (12.5 €)
14:45:37.010 [main] INFO  f.p.console.PizzeriaAdminConsoleApp -
				SAV -> La savoyarde (13.0 €)
14:45:37.010 [main] INFO  f.p.console.PizzeriaAdminConsoleApp -
				ORI -> L'orientale (13.5 €)
14:45:37.010 [main] INFO  f.p.console.PizzeriaAdminConsoleApp -
				IND -> L'indienne (14.0 €)
14:45:37.010 [main] INFO  f.p.console.PizzeriaAdminConsoleApp -
				TOTO -> toto (10.0 €)
14:45:37.010 [main] INFO  f.p.console.PizzeriaAdminConsoleApp -
				Veuillez choisir le code de la pizza à supprimer
14:45:43.136 [main] INFO  f.p.console.PizzeriaAdminConsoleApp -
				** Pizzeria Administration **
1. Lister les pizza
2. Ajouter une nouvelle pizza
3. Mette à jour une pizza
4. Supprimer une pizza
99. Sortir
14:45:45.552 [main] INFO  f.p.console.PizzeriaAdminConsoleApp -
				Liste des pizzas
14:45:45.552 [main] INFO  f.p.console.PizzeriaAdminConsoleApp -
				MAR -> Margherita (14.0 €) : SansViande 
14:45:45.552 [main] INFO  f.p.console.PizzeriaAdminConsoleApp -
				REIN -> La Reine (11.5 €) : Viande 
14:45:45.553 [main] INFO  f.p.console.PizzeriaAdminConsoleApp -
				FRO -> La 4 fromages (12.0 €) : SansViande 
14:45:45.553 [main] INFO  f.p.console.PizzeriaAdminConsoleApp -
				CAN -> La cannibale (12.5 €) : Viande 
14:45:45.553 [main] INFO  f.p.console.PizzeriaAdminConsoleApp -
				SAV -> La savoyarde (13.0 €) : Viande 
14:45:45.553 [main] INFO  f.p.console.PizzeriaAdminConsoleApp -
				ORI -> L'orientale (13.5 €) : Viande 
14:45:45.553 [main] INFO  f.p.console.PizzeriaAdminConsoleApp -
				IND -> L'indienne (14.0 €) : Viande 
14:45:45.553 [main] INFO  f.p.console.PizzeriaAdminConsoleApp -
				TOTO -> toto (10.0 €) : Viande 
14:45:45.553 [main] INFO  f.p.console.PizzeriaAdminConsoleApp -
				** Pizzeria Administration **
1. Lister les pizza
2. Ajouter une nouvelle pizza
3. Mette à jour une pizza
4. Supprimer une pizza
99. Sortir
14:45:49.433 [main] INFO  f.p.console.PizzeriaAdminConsoleApp -
				Aurevoir ☹
17:16:06.511 [main] INFO  f.p.console.PizzeriaAdminConsoleApp -
				Ajout d'une nouvelle pizza
Veuillez saisir le code : 
17:38:10.505 [main] INFO  f.p.console.PizzeriaAdminConsoleApp -
				Ajout d'une nouvelle pizza
Veuillez saisir le code : 
17:42:25.386 [main] INFO  f.p.console.PizzeriaAdminConsoleApp -
				Ajout d'une nouvelle pizza
Veuillez saisir le code : 
17:43:25.841 [main] INFO  f.p.console.PizzeriaAdminConsoleApp -
				Ajout d'une nouvelle pizza
Veuillez saisir le code : 
17:43:36.313 [main] INFO  f.p.console.PizzeriaAdminConsoleApp -
				Veuillez saisir le nom (sans espace) : 
17:43:38.682 [main] INFO  f.p.console.PizzeriaAdminConsoleApp -
				Veuillez saisir le prix : 
17:43:42.490 [main] INFO  f.p.console.PizzeriaAdminConsoleApp -
				Veuillez saisir la catégorie de la pizza
17:43:48.486 [main] DEBUG fr.pizzeria.logger.AppService -
				Traitement 1 : param = Error
09:52:49.380 [main] INFO  f.p.console.PizzeriaAdminConsoleApp -
				Ajout d'une nouvelle pizza
Veuillez saisir le code : 
10:07:56.723 [main] INFO  f.p.console.PizzeriaAdminConsoleApp -
				Ajout d'une nouvelle pizza
Veuillez saisir le code : 
10:08:13.919 [main] INFO  f.p.console.PizzeriaAdminConsoleApp -
				Veuillez saisir le nom (sans espace) : 
10:08:15.902 [main] INFO  f.p.console.PizzeriaAdminConsoleApp -
				Veuillez saisir le prix : 
10:08:17.254 [main] INFO  f.p.console.PizzeriaAdminConsoleApp -
				Veuillez saisir la catégorie de la pizza
10:08:21.876 [main] DEBUG fr.pizzeria.logger.AppService -
				Traitement 1 : param = Error
10:35:10.502 [main] INFO  f.p.console.PizzeriaAdminConsoleApp -
				Mise à jour d'une pizza
10:35:10.505 [main] INFO  f.p.console.PizzeriaAdminConsoleApp -
				Veuillez saisir le code de la pizza à modifier : 
10:35:20.680 [main] INFO  f.p.console.PizzeriaAdminConsoleApp -
				Veuillez saisir le nouveau code : 
10:35:29.160 [main] INFO  f.p.console.PizzeriaAdminConsoleApp -
				Veuillez saisir le nouveau nom (sans espace) : 
10:35:30.287 [main] INFO  f.p.console.PizzeriaAdminConsoleApp -
				Veuillez saisir le nouveau prix : 
10:35:31.735 [main] INFO  f.p.console.PizzeriaAdminConsoleApp -
				Veuillez saisir la catégorie de pizza : 
10:35:37.122 [main] INFO  f.p.console.PizzeriaAdminConsoleApp -
				Ce code n'existe pas
10:38:03.802 [main] INFO  f.p.console.PizzeriaAdminConsoleApp -
				Mise à jour d'une pizza
10:38:03.805 [main] INFO  f.p.console.PizzeriaAdminConsoleApp -
				Veuillez saisir le code de la pizza à modifier : 
10:38:07.607 [main] INFO  f.p.console.PizzeriaAdminConsoleApp -
				Veuillez saisir le nouveau code : 
10:38:16.551 [main] INFO  f.p.console.PizzeriaAdminConsoleApp -
				Veuillez saisir le nouveau nom (sans espace) : 
10:38:18.703 [main] INFO  f.p.console.PizzeriaAdminConsoleApp -
				Veuillez saisir le nouveau prix : 
10:38:20.114 [main] INFO  f.p.console.PizzeriaAdminConsoleApp -
				Veuillez saisir la catégorie de pizza : 
10:43:10.309 [main] INFO  f.p.console.PizzeriaAdminConsoleApp -
				Mise à jour d'une pizza
10:43:10.312 [main] INFO  f.p.console.PizzeriaAdminConsoleApp -
				Veuillez saisir le code de la pizza à modifier : 
10:43:36.966 [main] INFO  f.p.console.PizzeriaAdminConsoleApp -
				Ajout d'une nouvelle pizza
Veuillez saisir le code : 
10:44:26.311 [main] INFO  f.p.console.PizzeriaAdminConsoleApp -
				Ajout d'une nouvelle pizza
Veuillez saisir le code : 
10:44:29.396 [main] INFO  f.p.console.PizzeriaAdminConsoleApp -
				Veuillez saisir le nom (sans espace) : 
11:02:23.716 [main] INFO  f.p.console.PizzeriaAdminConsoleApp -
				Ajout d'une nouvelle pizza
Veuillez saisir le code : 
11:02:23.720 [main] INFO  f.p.console.PizzeriaAdminConsoleApp -
				Veuillez saisir le nom (sans espace) : 
11:02:23.720 [main] INFO  f.p.console.PizzeriaAdminConsoleApp -
				Veuillez saisir le prix : 
11:03:31.680 [main] INFO  f.p.console.PizzeriaAdminConsoleApp -
				Ajout d'une nouvelle pizza
Veuillez saisir le code : 
11:03:31.685 [main] INFO  f.p.console.PizzeriaAdminConsoleApp -
				Veuillez saisir le nom (sans espace) : 
11:03:31.685 [main] INFO  f.p.console.PizzeriaAdminConsoleApp -
				Veuillez saisir le prix : 
11:03:31.686 [main] INFO  f.p.console.PizzeriaAdminConsoleApp -
				Veuillez saisir la catégorie de la pizza
11:03:31.703 [main] DEBUG fr.pizzeria.logger.AppService -
				Traitement 1 : param = Error
11:05:56.253 [main] INFO  f.p.console.PizzeriaAdminConsoleApp -
				Ajout d'une nouvelle pizza
Veuillez saisir le code : 
11:05:56.257 [main] INFO  f.p.console.PizzeriaAdminConsoleApp -
				Veuillez saisir le nom (sans espace) : 
11:05:56.258 [main] INFO  f.p.console.PizzeriaAdminConsoleApp -
				Veuillez saisir le prix : 
11:05:56.259 [main] INFO  f.p.console.PizzeriaAdminConsoleApp -
				Veuillez saisir la catégorie de la pizza
11:05:56.267 [main] DEBUG fr.pizzeria.logger.AppService -
				Traitement 1 : param = Error
11:06:27.438 [main] INFO  f.p.console.PizzeriaAdminConsoleApp -
				Ajout d'une nouvelle pizza
Veuillez saisir le code : 
11:06:27.441 [main] INFO  f.p.console.PizzeriaAdminConsoleApp -
				Veuillez saisir le nom (sans espace) : 
11:06:27.442 [main] INFO  f.p.console.PizzeriaAdminConsoleApp -
				Veuillez saisir le prix : 
11:06:27.442 [main] INFO  f.p.console.PizzeriaAdminConsoleApp -
				Veuillez saisir la catégorie de la pizza
11:06:27.449 [main] DEBUG fr.pizzeria.logger.AppService -
				Traitement 1 : param = Error
11:06:46.672 [main] INFO  f.p.console.PizzeriaAdminConsoleApp -
				Ajout d'une nouvelle pizza
Veuillez saisir le code : 
11:06:46.676 [main] INFO  f.p.console.PizzeriaAdminConsoleApp -
				Veuillez saisir le nom (sans espace) : 
11:06:46.676 [main] INFO  f.p.console.PizzeriaAdminConsoleApp -
				Veuillez saisir le prix : 
11:06:46.676 [main] INFO  f.p.console.PizzeriaAdminConsoleApp -
				Veuillez saisir la catégorie de la pizza
11:06:46.682 [main] DEBUG fr.pizzeria.logger.AppService -
				Traitement 1 : param = Error
11:08:17.674 [main] INFO  f.p.console.PizzeriaAdminConsoleApp -
				Mise à jour d'une pizza
11:08:17.678 [main] INFO  f.p.console.PizzeriaAdminConsoleApp -
				Veuillez saisir le code de la pizza à modifier : 
11:08:17.679 [main] INFO  f.p.console.PizzeriaAdminConsoleApp -
				Veuillez saisir le nouveau code : 
11:08:17.679 [main] INFO  f.p.console.PizzeriaAdminConsoleApp -
				Veuillez saisir le nouveau nom (sans espace) : 
11:08:17.679 [main] INFO  f.p.console.PizzeriaAdminConsoleApp -
				Veuillez saisir le nouveau prix : 
11:09:33.405 [main] INFO  f.p.console.PizzeriaAdminConsoleApp -
				Mise à jour d'une pizza
11:09:33.408 [main] INFO  f.p.console.PizzeriaAdminConsoleApp -
				Veuillez saisir le code de la pizza à modifier : 
11:09:33.408 [main] INFO  f.p.console.PizzeriaAdminConsoleApp -
				Veuillez saisir le nouveau code : 
11:09:33.408 [main] INFO  f.p.console.PizzeriaAdminConsoleApp -
				Veuillez saisir le nouveau nom (sans espace) : 
11:09:33.409 [main] INFO  f.p.console.PizzeriaAdminConsoleApp -
				Veuillez saisir le nouveau prix : 
11:10:54.274 [main] INFO  f.p.console.PizzeriaAdminConsoleApp -
				Mise à jour d'une pizza
11:10:54.276 [main] INFO  f.p.console.PizzeriaAdminConsoleApp -
				Veuillez saisir le code de la pizza à modifier : 
11:10:54.277 [main] INFO  f.p.console.PizzeriaAdminConsoleApp -
				Veuillez saisir le nouveau code : 
11:10:54.277 [main] INFO  f.p.console.PizzeriaAdminConsoleApp -
				Veuillez saisir le nouveau nom (sans espace) : 
11:10:54.277 [main] INFO  f.p.console.PizzeriaAdminConsoleApp -
				Veuillez saisir le nouveau prix : 
11:10:54.277 [main] INFO  f.p.console.PizzeriaAdminConsoleApp -
				Veuillez saisir la catégorie de pizza : 
11:11:11.308 [main] INFO  f.p.console.PizzeriaAdminConsoleApp -
				Mise à jour d'une pizza
11:11:11.311 [main] INFO  f.p.console.PizzeriaAdminConsoleApp -
				Veuillez saisir le code de la pizza à modifier : 
11:11:11.312 [main] INFO  f.p.console.PizzeriaAdminConsoleApp -
				Veuillez saisir le nouveau code : 
11:11:11.312 [main] INFO  f.p.console.PizzeriaAdminConsoleApp -
				Veuillez saisir le nouveau nom (sans espace) : 
11:11:11.312 [main] INFO  f.p.console.PizzeriaAdminConsoleApp -
				Veuillez saisir le nouveau prix : 
11:11:11.313 [main] INFO  f.p.console.PizzeriaAdminConsoleApp -
				Veuillez saisir la catégorie de pizza : 
11:17:12.882 [main] INFO  f.p.console.PizzeriaAdminConsoleApp -
				Suppression d'une pizza
11:17:12.885 [main] INFO  f.p.console.PizzeriaAdminConsoleApp -
				Veuillez choisir le code de la pizza à supprimer
11:17:49.945 [main] INFO  f.p.console.PizzeriaAdminConsoleApp -
				Suppression d'une pizza
11:17:49.947 [main] INFO  f.p.console.PizzeriaAdminConsoleApp -
				Veuillez choisir le code de la pizza à supprimer
11:18:51.361 [main] INFO  f.p.console.PizzeriaAdminConsoleApp -
				Ajout d'une nouvelle pizza
Veuillez saisir le code : 
11:18:51.364 [main] INFO  f.p.console.PizzeriaAdminConsoleApp -
				Veuillez saisir le nom (sans espace) : 
11:18:51.364 [main] INFO  f.p.console.PizzeriaAdminConsoleApp -
				Veuillez saisir le prix : 
11:18:51.364 [main] INFO  f.p.console.PizzeriaAdminConsoleApp -
				Veuillez saisir la catégorie de la pizza
11:18:51.372 [main] DEBUG fr.pizzeria.logger.AppService -
				Traitement 1 : param = Error
11:20:57.810 [main] INFO  f.p.console.PizzeriaAdminConsoleApp -
				Ajout d'une nouvelle pizza
Veuillez saisir le code : 
11:20:57.812 [main] INFO  f.p.console.PizzeriaAdminConsoleApp -
				Veuillez saisir le nom (sans espace) : 
11:20:57.812 [main] INFO  f.p.console.PizzeriaAdminConsoleApp -
				Veuillez saisir le prix : 
11:20:57.812 [main] INFO  f.p.console.PizzeriaAdminConsoleApp -
				Veuillez saisir la catégorie de la pizza
11:20:57.820 [main] DEBUG fr.pizzeria.logger.AppService -
				Traitement 1 : param = Error
11:24:02.740 [main] INFO  f.p.console.PizzeriaAdminConsoleApp -
				Ajout d'une nouvelle pizza
Veuillez saisir le code : 
11:24:02.743 [main] INFO  f.p.console.PizzeriaAdminConsoleApp -
				Veuillez saisir le nom (sans espace) : 
11:24:02.743 [main] INFO  f.p.console.PizzeriaAdminConsoleApp -
				Veuillez saisir le prix : 
11:24:02.743 [main] INFO  f.p.console.PizzeriaAdminConsoleApp -
				Veuillez saisir la catégorie de la pizza
11:24:02.751 [main] DEBUG fr.pizzeria.logger.AppService -
				Traitement 1 : param = Error
11:24:56.389 [main] INFO  f.p.console.PizzeriaAdminConsoleApp -
				Ajout d'une nouvelle pizza
Veuillez saisir le code : 
11:24:56.391 [main] INFO  f.p.console.PizzeriaAdminConsoleApp -
				Veuillez saisir le nom (sans espace) : 
11:24:56.392 [main] INFO  f.p.console.PizzeriaAdminConsoleApp -
				Veuillez saisir le prix : 
11:24:56.392 [main] INFO  f.p.console.PizzeriaAdminConsoleApp -
				Veuillez saisir la catégorie de la pizza
11:25:19.601 [main] INFO  f.p.console.PizzeriaAdminConsoleApp -
				Ajout d'une nouvelle pizza
Veuillez saisir le code : 
11:25:19.604 [main] INFO  f.p.console.PizzeriaAdminConsoleApp -
				Veuillez saisir le nom (sans espace) : 
11:25:19.604 [main] INFO  f.p.console.PizzeriaAdminConsoleApp -
				Veuillez saisir le prix : 
11:25:19.604 [main] INFO  f.p.console.PizzeriaAdminConsoleApp -
				Veuillez saisir la catégorie de la pizza
11:25:19.610 [main] DEBUG fr.pizzeria.logger.AppService -
				Traitement 1 : param = Error
11:28:53.514 [main] INFO  f.p.console.PizzeriaAdminConsoleApp -
				Ajout d'une nouvelle pizza
Veuillez saisir le code : 
11:28:53.517 [main] INFO  f.p.console.PizzeriaAdminConsoleApp -
				Veuillez saisir le nom (sans espace) : 
11:28:53.518 [main] INFO  f.p.console.PizzeriaAdminConsoleApp -
				Veuillez saisir le prix : 
11:28:53.518 [main] INFO  f.p.console.PizzeriaAdminConsoleApp -
				Veuillez saisir la catégorie de la pizza
11:28:53.526 [main] DEBUG fr.pizzeria.logger.AppService -
				Traitement 1 : param = Error
11:28:53.530 [main] INFO  f.p.console.PizzeriaAdminConsoleApp -
				Ajout d'une nouvelle pizza
Veuillez saisir le code : 
11:28:53.531 [main] INFO  f.p.console.PizzeriaAdminConsoleApp -
				Veuillez saisir le nom (sans espace) : 
11:28:53.531 [main] INFO  f.p.console.PizzeriaAdminConsoleApp -
				Veuillez saisir le prix : 
11:28:53.531 [main] INFO  f.p.console.PizzeriaAdminConsoleApp -
				Veuillez saisir la catégorie de la pizza
11:28:53.532 [main] DEBUG fr.pizzeria.logger.AppService -
				Traitement 1 : param = Error
11:30:12.192 [main] INFO  f.p.console.PizzeriaAdminConsoleApp -
				Ajout d'une nouvelle pizza
Veuillez saisir le code : 
11:30:12.194 [main] INFO  f.p.console.PizzeriaAdminConsoleApp -
				Veuillez saisir le nom (sans espace) : 
11:30:12.194 [main] INFO  f.p.console.PizzeriaAdminConsoleApp -
				Veuillez saisir le prix : 
11:30:12.195 [main] INFO  f.p.console.PizzeriaAdminConsoleApp -
				Veuillez saisir la catégorie de la pizza
11:30:12.203 [main] DEBUG fr.pizzeria.logger.AppService -
				Traitement 1 : param = Error
11:30:12.207 [main] INFO  f.p.console.PizzeriaAdminConsoleApp -
				Ajout d'une nouvelle pizza
Veuillez saisir le code : 
11:30:12.207 [main] INFO  f.p.console.PizzeriaAdminConsoleApp -
				Veuillez saisir le nom (sans espace) : 
11:30:12.207 [main] INFO  f.p.console.PizzeriaAdminConsoleApp -
				Veuillez saisir le prix : 
11:30:12.207 [main] INFO  f.p.console.PizzeriaAdminConsoleApp -
				Veuillez saisir la catégorie de la pizza
11:30:12.207 [main] DEBUG fr.pizzeria.logger.AppService -
				Traitement 1 : param = Error
11:44:22.728 [main] INFO  f.p.console.PizzeriaAdminConsoleApp -
				** Pizzeria Administration **
1. Lister les pizza
2. Ajouter une nouvelle pizza
3. Mette à jour une pizza
4. Supprimer une pizza
99. Sortir
11:44:25.548 [main] INFO  f.p.console.PizzeriaAdminConsoleApp -
				Liste des pizzas
11:44:25.679 [main] INFO  f.p.console.PizzeriaAdminConsoleApp -
				PEP -> Pépéroni (12.5 €) : Viande 
11:44:25.679 [main] INFO  f.p.console.PizzeriaAdminConsoleApp -
				MAR -> Margherita (14.0 €) : SansViande 
11:44:25.679 [main] INFO  f.p.console.PizzeriaAdminConsoleApp -
				REIN -> La Reine (11.5 €) : Viande 
11:44:25.679 [main] INFO  f.p.console.PizzeriaAdminConsoleApp -
				FRO -> La 4 fromages (12.0 €) : SansViande 
11:44:25.679 [main] INFO  f.p.console.PizzeriaAdminConsoleApp -
				CAN -> La cannibale (12.5 €) : Viande 
11:44:25.679 [main] INFO  f.p.console.PizzeriaAdminConsoleApp -
				SAV -> La savoyarde (13.0 €) : Viande 
11:44:25.679 [main] INFO  f.p.console.PizzeriaAdminConsoleApp -
				ORI -> L'orientale (13.5 €) : Viande 
11:44:25.679 [main] INFO  f.p.console.PizzeriaAdminConsoleApp -
				IND -> L'indienne (14.0 €) : Viande 
11:44:25.679 [main] INFO  f.p.console.PizzeriaAdminConsoleApp -
				** Pizzeria Administration **
1. Lister les pizza
2. Ajouter une nouvelle pizza
3. Mette à jour une pizza
4. Supprimer une pizza
99. Sortir
11:44:29.192 [main] INFO  f.p.console.PizzeriaAdminConsoleApp -
				Aurevoir ☹
11:44:57.671 [main] DEBUG fr.pizzeria.logger.AppService -
				Traitement 1 : param = Could not connect: Access denied for user ''@'localhost' to database 'pizzadb'
11:45:45.771 [main] DEBUG fr.pizzeria.logger.AppService -
				Traitement 1 : param = Could not connect: Access denied for user ''@'localhost' to database 'pizzadb'
11:49:58.368 [main] DEBUG fr.pizzeria.logger.AppService -
				Traitement 1 : param = Could not connect: Access denied for user ''@'localhost' to database 'pizzadb'
11:51:03.062 [main] DEBUG fr.pizzeria.logger.AppService -
				Traitement 1 : param = Could not connect: Access denied for user ''@'localhost' to database 'pizzadb'
11:52:48.841 [main] DEBUG fr.pizzeria.logger.AppService -
				Traitement 1 : param = Could not connect: Access denied for user ''@'localhost' to database 'pizzadb'
11:52:57.895 [main] DEBUG fr.pizzeria.logger.AppService -
				Traitement 1 : param = Could not connect: Access denied for user ''@'localhost' to database 'pizzadb'
11:56:33.723 [main] DEBUG fr.pizzeria.logger.AppService -
				Traitement 1 : param = Could not connect: Access denied for user ''@'localhost' to database 'pizzadb'
12:01:16.089 [main] DEBUG fr.pizzeria.logger.AppService -
				Traitement 1 : param = Could not connect: Access denied for user ''@'localhost' to database 'pizzadb'
12:01:56.493 [main] DEBUG fr.pizzeria.logger.AppService -
				Traitement 1 : param = Could not connect: Access denied for user ''@'localhost' to database 'pizzadb'
12:06:03.063 [main] DEBUG fr.pizzeria.logger.AppService -
				Traitement 1 : param = Could not connect: Access denied for user ''@'localhost' to database 'pizzadb'
12:07:20.065 [main] DEBUG fr.pizzeria.logger.AppService -
				Traitement 1 : param = Could not connect: Access denied for user ''@'localhost' to database 'pizzadb'
12:09:32.243 [main] DEBUG fr.pizzeria.logger.AppService -
				Traitement 1 : param = Could not connect: Access denied for user ''@'localhost' to database 'pizzadb'
12:10:44.766 [main] DEBUG fr.pizzeria.logger.AppService -
				Traitement 1 : param = No such column :NAME
12:10:44.782 [main] INFO  f.p.console.PizzeriaAdminConsoleApp -
				** Pizzeria Administration **
1. Lister les pizza
2. Ajouter une nouvelle pizza
3. Mette à jour une pizza
4. Supprimer une pizza
99. Sortir
12:10:49.802 [main] INFO  f.p.console.PizzeriaAdminConsoleApp -
				Liste des pizzas
12:10:49.802 [main] DEBUG fr.pizzeria.logger.AppService -
				Traitement 1 : param = null
12:10:49.802 [main] INFO  f.p.console.PizzeriaAdminConsoleApp -
				** Pizzeria Administration **
1. Lister les pizza
2. Ajouter une nouvelle pizza
3. Mette à jour une pizza
4. Supprimer une pizza
99. Sortir
12:13:11.693 [main] DEBUG fr.pizzeria.logger.AppService -
				Traitement 1 : param = No such column :NAME
12:13:11.774 [main] INFO  f.p.console.PizzeriaAdminConsoleApp -
				** Pizzeria Administration **
1. Lister les pizza
2. Ajouter une nouvelle pizza
3. Mette à jour une pizza
4. Supprimer une pizza
99. Sortir
12:13:16.294 [main] INFO  f.p.console.PizzeriaAdminConsoleApp -
				Liste des pizzas
12:13:16.309 [main] DEBUG fr.pizzeria.logger.AppService -
				Traitement 1 : param = null
12:13:16.309 [main] INFO  f.p.console.PizzeriaAdminConsoleApp -
				** Pizzeria Administration **
1. Lister les pizza
2. Ajouter une nouvelle pizza
3. Mette à jour une pizza
4. Supprimer une pizza
99. Sortir
12:13:50.327 [main] DEBUG fr.pizzeria.logger.AppService -
				Traitement 1 : param = No such column :NAME
12:13:50.343 [main] INFO  f.p.console.PizzeriaAdminConsoleApp -
				** Pizzeria Administration **
1. Lister les pizza
2. Ajouter une nouvelle pizza
3. Mette à jour une pizza
4. Supprimer une pizza
99. Sortir
12:14:04.113 [main] DEBUG fr.pizzeria.logger.AppService -
				Traitement 1 : param = No such column :NAME
12:14:04.128 [main] INFO  f.p.console.PizzeriaAdminConsoleApp -
				** Pizzeria Administration **
1. Lister les pizza
2. Ajouter une nouvelle pizza
3. Mette à jour une pizza
4. Supprimer une pizza
99. Sortir
12:14:53.930 [main] DEBUG fr.pizzeria.logger.AppService -
				Traitement 1 : param = No such column :NAME
12:14:53.945 [main] INFO  f.p.console.PizzeriaAdminConsoleApp -
				** Pizzeria Administration **
1. Lister les pizza
2. Ajouter une nouvelle pizza
3. Mette à jour une pizza
4. Supprimer une pizza
99. Sortir
12:15:18.763 [main] DEBUG fr.pizzeria.logger.AppService -
				Traitement 1 : param = No such column :NAME
12:15:18.763 [main] INFO  f.p.console.PizzeriaAdminConsoleApp -
				** Pizzeria Administration **
1. Lister les pizza
2. Ajouter une nouvelle pizza
3. Mette à jour une pizza
4. Supprimer une pizza
99. Sortir
12:16:22.848 [main] DEBUG fr.pizzeria.logger.AppService -
				Traitement 1 : param = No such column :NAME
12:16:22.867 [main] INFO  f.p.console.PizzeriaAdminConsoleApp -
				** Pizzeria Administration **
1. Lister les pizza
2. Ajouter une nouvelle pizza
3. Mette à jour une pizza
4. Supprimer une pizza
99. Sortir
12:25:31.346 [main] INFO  f.p.console.PizzeriaAdminConsoleApp -
				** Pizzeria Administration **
1. Lister les pizza
2. Ajouter une nouvelle pizza
3. Mette à jour une pizza
4. Supprimer une pizza
99. Sortir
12:25:34.856 [main] INFO  f.p.console.PizzeriaAdminConsoleApp -
				Liste des pizzas
12:25:34.861 [main] INFO  f.p.console.PizzeriaAdminConsoleApp -
				PEP -> Pépéroni (13.0 €) : Viande 
12:25:34.861 [main] INFO  f.p.console.PizzeriaAdminConsoleApp -
				MAR -> Margherita (14.0 €) : SansViande 
12:25:34.861 [main] INFO  f.p.console.PizzeriaAdminConsoleApp -
				REIN -> La Reine (12.0 €) : Viande 
12:25:34.861 [main] INFO  f.p.console.PizzeriaAdminConsoleApp -
				** Pizzeria Administration **
1. Lister les pizza
2. Ajouter une nouvelle pizza
3. Mette à jour une pizza
4. Supprimer une pizza
99. Sortir
12:26:11.024 [main] INFO  f.p.console.PizzeriaAdminConsoleApp -
				** Pizzeria Administration **
1. Lister les pizza
2. Ajouter une nouvelle pizza
3. Mette à jour une pizza
4. Supprimer une pizza
99. Sortir
12:26:16.101 [main] INFO  f.p.console.PizzeriaAdminConsoleApp -
				Liste des pizzas
12:26:16.114 [main] INFO  f.p.console.PizzeriaAdminConsoleApp -
				PEP -> Pépéroni (13.0 €) : Viande 
12:26:16.114 [main] INFO  f.p.console.PizzeriaAdminConsoleApp -
				MAR -> Margherita (14.0 €) : SansViande 
12:26:16.114 [main] INFO  f.p.console.PizzeriaAdminConsoleApp -
				REIN -> La Reine (12.0 €) : Viande 
12:26:16.114 [main] INFO  f.p.console.PizzeriaAdminConsoleApp -
				** Pizzeria Administration **
1. Lister les pizza
2. Ajouter une nouvelle pizza
3. Mette à jour une pizza
4. Supprimer une pizza
99. Sortir
12:26:56.134 [main] INFO  f.p.console.PizzeriaAdminConsoleApp -
				** Pizzeria Administration **
1. Lister les pizza
2. Ajouter une nouvelle pizza
3. Mette à jour une pizza
4. Supprimer une pizza
99. Sortir
12:27:57.243 [main] INFO  f.p.console.PizzeriaAdminConsoleApp -
				** Pizzeria Administration **
1. Lister les pizza
2. Ajouter une nouvelle pizza
3. Mette à jour une pizza
4. Supprimer une pizza
99. Sortir
12:30:20.240 [main] INFO  f.p.console.PizzeriaAdminConsoleApp -
				** Pizzeria Administration **
1. Lister les pizza
2. Ajouter une nouvelle pizza
3. Mette à jour une pizza
4. Supprimer une pizza
99. Sortir
12:30:50.676 [main] INFO  f.p.console.PizzeriaAdminConsoleApp -
				Liste des pizzas
12:30:50.703 [main] INFO  f.p.console.PizzeriaAdminConsoleApp -
				PEP -> Pépéroni (13.0 €) : Viande 
12:30:50.703 [main] INFO  f.p.console.PizzeriaAdminConsoleApp -
				MAR -> Margherita (14.0 €) : SansViande 
12:30:50.703 [main] INFO  f.p.console.PizzeriaAdminConsoleApp -
				REIN -> La Reine (12.0 €) : Viande 
12:31:00.518 [main] INFO  f.p.console.PizzeriaAdminConsoleApp -
				** Pizzeria Administration **
1. Lister les pizza
2. Ajouter une nouvelle pizza
3. Mette à jour une pizza
4. Supprimer une pizza
99. Sortir
12:31:10.493 [main] INFO  f.p.console.PizzeriaAdminConsoleApp -
				Liste des pizzas
12:31:10.495 [main] INFO  f.p.console.PizzeriaAdminConsoleApp -
				PEP -> Pépéroni (13.0 €) : Viande 
12:31:10.495 [main] INFO  f.p.console.PizzeriaAdminConsoleApp -
				MAR -> Margherita (14.0 €) : SansViande 
12:31:10.495 [main] INFO  f.p.console.PizzeriaAdminConsoleApp -
				REIN -> La Reine (12.0 €) : Viande 
14:27:36.588 [main] DEBUG fr.pizzeria.logger.AppService -
				Traitement 1 : param = Error
14:27:53.817 [main] INFO  f.p.console.PizzeriaAdminConsoleApp -
				** Pizzeria Administration **
1. Lister les pizza
2. Ajouter une nouvelle pizza
3. Mette à jour une pizza
4. Supprimer une pizza
99. Sortir
14:40:00.364 [main] DEBUG fr.pizzeria.logger.AppService -
				Traitement 1 : param = Error
14:40:00.370 [main] DEBUG fr.pizzeria.logger.AppService -
				Traitement 1 : param = Duplicate entry '0' for key 'PRIMARY'
14:56:25.370 [main] DEBUG fr.pizzeria.logger.AppService -
				Traitement 1 : param = Error
15:17:52.155 [main] DEBUG fr.pizzeria.logger.AppService -
				Traitement 1 : param = Error
15:23:55.914 [main] DEBUG fr.pizzeria.logger.AppService -
				Traitement 1 : param = Error
15:25:35.802 [main] DEBUG fr.pizzeria.logger.AppService -
				Traitement 1 : param = Error
15:29:30.869 [main] DEBUG fr.pizzeria.logger.AppService -
				Traitement 1 : param = Error
15:38:18.162 [main] DEBUG fr.pizzeria.logger.AppService -
				Traitement 1 : param = Error
15:38:18.279 [main] DEBUG fr.pizzeria.logger.AppService -
				Traitement 1 : param = Duplicate entry 'TOTO' for key 'CODE'
15:38:45.937 [main] DEBUG fr.pizzeria.logger.AppService -
				Traitement 1 : param = Error
15:44:51.802 [main] DEBUG fr.pizzeria.logger.AppService -
				Traitement 1 : param = Error
15:44:51.816 [main] DEBUG fr.pizzeria.logger.AppService -
				Traitement 1 : param = Column count doesn't match value count at row 1
15:48:39.026 [main] DEBUG fr.pizzeria.logger.AppService -
				Traitement 1 : param = Error
15:54:35.171 [main] DEBUG fr.pizzeria.logger.AppService -
				Traitement 1 : param = Error
15:55:14.451 [main] DEBUG fr.pizzeria.logger.AppService -
				Traitement 1 : param = Error
15:56:41.171 [main] DEBUG fr.pizzeria.logger.AppService -
				Traitement 1 : param = Error
16:20:26.444 [main] DEBUG fr.pizzeria.logger.AppService -
				Traitement 1 : param = Error catégorie
16:21:31.713 [main] DEBUG fr.pizzeria.logger.AppService -
				Traitement 1 : param = Mauvais nom de catégorie : VIANDE | POISSON | SANS_VIANDE
16:46:20.603 [main] DEBUG fr.pizzeria.logger.AppService -
				Traitement 1 : param = Ce code n'existe pas
16:48:31.874 [main] DEBUG fr.pizzeria.logger.AppService -
				Traitement 1 : param = Ce code n'existe pas
16:49:15.434 [main] DEBUG fr.pizzeria.logger.AppService -
				Traitement 1 : param = Ce code n'existe pas
17:12:38.305 [main] DEBUG fr.pizzeria.logger.AppService -
				Traitement 1 : param = La pizza existe déjà
17:15:35.423 [main] DEBUG fr.pizzeria.logger.AppService -
				Traitement 1 : param = La pizza existe déjà
17:18:10.659 [main] DEBUG fr.pizzeria.logger.AppService -
				Traitement 1 : param = La pizza existe déjà
